#
# There is insufficient memory for the Java Runtime Environment to continue.
# Native memory allocation (mmap) failed to map 266338304 bytes for G1 virtual space
# Possible reasons:
#   The system is out of physical RAM or swap space
#   The process is running with CompressedOops enabled, and the Java Heap may be blocking the growth of the native heap
# Possible solutions:
#   Reduce memory load on the system
#   Increase physical memory or swap space
#   Check if swap backing store is full
#   Decrease Java heap size (-Xmx/-Xms)
#   Decrease number of Java threads
#   Decrease Java thread stack sizes (-Xss)
#   Set larger code cache with -XX:ReservedCodeCacheSize=
#   JVM is running with Zero Based Compressed Oops mode in which the Java heap is
#     placed in the first 32GB address space. The Java Heap base address is the
#     maximum limit for the native heap growth. Please use -XX:HeapBaseMinAddress
#     to set the Java Heap base and to place the Java Heap above 32GB virtual address.
# This output file may be truncated or incomplete.
#
#  Out of Memory Error (os_windows.cpp:3527), pid=21656, tid=21508
#
# JRE version:  (19.0.1+10) (build )
# Java VM: Java HotSpot(TM) 64-Bit Server VM (19.0.1+10-21, mixed mode, sharing, tiered, compressed oops, compressed class ptrs, g1 gc, windows-amd64)
# No core dump will be written. Minidumps are not enabled by default on client versions of Windows
#

---------------  S U M M A R Y ------------

Command Line: -Dfile.encoding=UTF-8 --module-path=C:\Users\Lenovo\OneDrive - Universidad Tecnologica del Peru\IDAT\CICLO lll 2023\Java\PROYECTO_FINAL\build\classes PROYECTO.main

Host: 11th Gen Intel(R) Core(TM) i7-1165G7 @ 2.80GHz, 8 cores, 15G,  Windows 10 , 64 bit Build 19041 (10.0.19041.2364)
Time: Mon Apr 10 22:01:41 2023 Hora est. Pacífico, Sudamérica elapsed time: 0.012404 seconds (0d 0h 0m 0s)

---------------  T H R E A D  ---------------

Current thread (0x0000012e334ebeb0):  JavaThread "Unknown thread" [_thread_in_vm, id=21508, stack(0x0000002ad0500000,0x0000002ad0600000)]

Stack: [0x0000002ad0500000,0x0000002ad0600000]
Native frames: (J=compiled Java code, j=interpreted, Vv=VM code, C=native code)
V  [jvm.dll+0x6ee8fa]
V  [jvm.dll+0x857a1e]
V  [jvm.dll+0x85940e]
V  [jvm.dll+0x859ac3]
V  [jvm.dll+0x28291f]
V  [jvm.dll+0x6eb6e9]
V  [jvm.dll+0x6e028a]
V  [jvm.dll+0x357136]
V  [jvm.dll+0x35eb96]
V  [jvm.dll+0x3b555e]
V  [jvm.dll+0x3b578f]
V  [jvm.dll+0x32c6ea]
V  [jvm.dll+0x32d59e]
V  [jvm.dll+0x821b20]
V  [jvm.dll+0x3c27c1]
V  [jvm.dll+0x8022f1]
V  [jvm.dll+0x44b30f]
V  [jvm.dll+0x44cc91]
C  [jli.dll+0x5287]
C  [ucrtbase.dll+0x21bb2]
C  [KERNEL32.DLL+0x17614]
C  [ntdll.dll+0x526a1]


---------------  P R O C E S S  ---------------

Threads class SMR info:
_java_thread_list=0x00007ffbee17d048, length=0, elements={
}

Java Threads: ( => current thread )

Other Threads:
  0x0000012e3355b260 WorkerThread "GC Thread#0" [stack: 0x0000002ad0600000,0x0000002ad0700000] [id=21044]
  0x0000012e3356be50 ConcurrentGCThread "G1 Main Marker" [stack: 0x0000002ad0700000,0x0000002ad0800000] [id=22520]
  0x0000012e3356c880 WorkerThread "G1 Conc#0" [stack: 0x0000002ad0800000,0x0000002ad0900000] [id=24304]

[error occurred during error reporting (printing all threads), id 0xc0000005, EXCEPTION_ACCESS_VIOLATION (0xc0000005) at pc=0x00007ffbed93d127]

VM state: not at safepoint (not fully initialized)

VM Mutex/Monitor currently owned by a thread:  ([mutex/lock_event])
[0x0000012e334d1f50] Heap_lock - owner thread: 0x0000012e334ebeb0

Heap address: 0x0000000703600000, size: 4042 MB, Compressed Oops mode: Zero based, Oop shift amount: 3

CDS archive(s) mapped at: [0x0000000000000000-0x0000000000000000-0x0000000000000000), size 0, SharedBaseAddress: 0x0000000800000000, ArchiveRelocationMode: 0.
Narrow klass base: 0x0000000000000000, Narrow klass shift: 0, Narrow klass range: 0x0

GC Precious Log:
 CardTable entry size: 512
 Card Set container configuration: InlinePtr #cards 4 size 8 Array Of Cards #cards 16 size 48 Howl #buckets 8 coarsen threshold 3686 Howl Bitmap #cards 512 size 80 coarsen threshold 460 Card regions per heap region 1 cards per card region 4096

Heap:
 garbage-first heap   total 0K, used 0K [0x0000000703600000, 0x0000000800000000)
  region size 2048K, 0 young (0K), 0 survivors (0K)

[error occurred during error reporting (printing heap information), id 0xc0000005, EXCEPTION_ACCESS_VIOLATION (0xc0000005) at pc=0x00007ffbedd46959]

GC Heap History (0 events):
No events

Dll operation events (1 events):
Event: 0.006 Loaded shared library C:\Program Files\Java\jdk-19\bin\java.dll

Deoptimization events (0 events):
No events

Classes loaded (0 events):
No events

Classes unloaded (0 events):
No events

Classes redefined (0 events):
No events

Internal exceptions (0 events):
No events

VM Operations (0 events):
No events

Events (0 events):
No events


Dynamic libraries:
0x00007ff71cce0000 - 0x00007ff71ccf0000 	C:\Program Files\Java\jdk-19\bin\java.exe
0x00007ffc8e490000 - 0x00007ffc8e688000 	C:\Windows\SYSTEM32\ntdll.dll
0x00007ffc8c870000 - 0x00007ffc8c92f000 	C:\Windows\System32\KERNEL32.DLL
0x00007ffc8c070000 - 0x00007ffc8c342000 	C:\Windows\System32\KERNELBASE.dll
0x00007ffc8bc50000 - 0x00007ffc8bd50000 	C:\Windows\System32\ucrtbase.dll
0x00007ffc86ff0000 - 0x00007ffc87008000 	C:\Program Files\Java\jdk-19\bin\jli.dll
0x00007ffbee6e0000 - 0x00007ffbee6fb000 	C:\Program Files\Java\jdk-19\bin\VCRUNTIME140.dll
0x00007ffc8cd30000 - 0x00007ffc8cdde000 	C:\Windows\System32\ADVAPI32.dll
0x00007ffc8d5b0000 - 0x00007ffc8d64e000 	C:\Windows\System32\msvcrt.dll
0x00007ffc8c930000 - 0x00007ffc8c9cc000 	C:\Windows\System32\sechost.dll
0x00007ffc8e320000 - 0x00007ffc8e445000 	C:\Windows\System32\RPCRT4.dll
0x00007ffc8caf0000 - 0x00007ffc8cc91000 	C:\Windows\System32\USER32.dll
0x00007ffc8bee0000 - 0x00007ffc8bf02000 	C:\Windows\System32\win32u.dll
0x00007ffc8d450000 - 0x00007ffc8d47b000 	C:\Windows\System32\GDI32.dll
0x00007ffc65530000 - 0x00007ffc657ca000 	C:\Windows\WinSxS\amd64_microsoft.windows.common-controls_6595b64144ccf1df_6.0.19041.1110_none_60b5254171f9507e\COMCTL32.dll
0x00007ffc8c3c0000 - 0x00007ffc8c4cf000 	C:\Windows\System32\gdi32full.dll
0x00007ffc8bbb0000 - 0x00007ffc8bc4d000 	C:\Windows\System32\msvcp_win.dll
0x00007ffc7d2d0000 - 0x00007ffc7d2da000 	C:\Windows\SYSTEM32\VERSION.dll
0x00007ffc8d480000 - 0x00007ffc8d4b2000 	C:\Windows\System32\IMM32.DLL
0x00007ffc00cc0000 - 0x00007ffc00ccc000 	C:\Program Files\Java\jdk-19\bin\vcruntime140_1.dll
0x00007ffbee4a0000 - 0x00007ffbee52e000 	C:\Program Files\Java\jdk-19\bin\msvcp140.dll
0x00007ffbed600000 - 0x00007ffbee2c0000 	C:\Program Files\Java\jdk-19\bin\server\jvm.dll
0x00007ffc5d940000 - 0x00007ffc5d949000 	C:\Windows\SYSTEM32\WSOCK32.dll
0x00007ffc7e680000 - 0x00007ffc7e6a7000 	C:\Windows\SYSTEM32\WINMM.dll
0x00007ffc8d310000 - 0x00007ffc8d37b000 	C:\Windows\System32\WS2_32.dll
0x00007ffc8a3d0000 - 0x00007ffc8a3e2000 	C:\Windows\SYSTEM32\kernel.appcore.dll
0x00007ffc00120000 - 0x00007ffc0012a000 	C:\Program Files\Java\jdk-19\bin\jimage.dll
0x00007ffc89610000 - 0x00007ffc897f4000 	C:\Windows\SYSTEM32\DBGHELP.DLL
0x00007ffc742f0000 - 0x00007ffc74325000 	C:\Windows\SYSTEM32\dbgcore.DLL
0x00007ffc8bd50000 - 0x00007ffc8bdd2000 	C:\Windows\System32\bcryptPrimitives.dll
0x00007ffbee670000 - 0x00007ffbee696000 	C:\Program Files\Java\jdk-19\bin\java.dll

dbghelp: loaded successfully - version: 4.0.5 - missing functions: none
symbol engine: initialized successfully - sym options: 0x614 - pdb path: .;C:\Program Files\Java\jdk-19\bin;C:\Windows\SYSTEM32;C:\Windows\WinSxS\amd64_microsoft.windows.common-controls_6595b64144ccf1df_6.0.19041.1110_none_60b5254171f9507e;C:\Program Files\Java\jdk-19\bin\server

VM Arguments:
jvm_args: -Dfile.encoding=UTF-8 --module-path=C:\Users\Lenovo\OneDrive - Universidad Tecnologica del Peru\IDAT\CICLO lll 2023\Java\PROYECTO_FINAL\build\classes 
java_command: PROYECTO.main
java_class_path (initial): C:\Users\Lenovo\OneDrive - Universidad Tecnologica del Peru\IDAT\CICLO lll 2023\Java\PROYECTO_FINAL\lib\mysql-connector-j-8.0.32.jar;C:\Users\Lenovo\OneDrive - Universidad Tecnologica del Peru\IDAT\CICLO lll 2023\Java\PROYECTO_FINAL\build\classes
Launcher Type: SUN_STANDARD

[Global flags]
     intx CICompilerCount                          = 4                                         {product} {ergonomic}
     uint ConcGCThreads                            = 2                                         {product} {ergonomic}
     uint G1ConcRefinementThreads                  = 8                                         {product} {ergonomic}
   size_t G1HeapRegionSize                         = 2097152                                   {product} {ergonomic}
    uintx GCDrainStackTargetSize                   = 64                                        {product} {ergonomic}
   size_t InitialHeapSize                          = 266338304                                 {product} {ergonomic}
   size_t MarkStackSize                            = 4194304                                   {product} {ergonomic}
   size_t MaxHeapSize                              = 4238344192                                {product} {ergonomic}
   size_t MinHeapDeltaBytes                        = 2097152                                   {product} {ergonomic}
   size_t MinHeapSize                              = 8388608                                   {product} {ergonomic}
    uintx NonNMethodCodeHeapSize                   = 5839372                                {pd product} {ergonomic}
    uintx NonProfiledCodeHeapSize                  = 122909434                              {pd product} {ergonomic}
    uintx ProfiledCodeHeapSize                     = 122909434                              {pd product} {ergonomic}
    uintx ReservedCodeCacheSize                    = 251658240                              {pd product} {ergonomic}
     bool SegmentedCodeCache                       = true                                      {product} {ergonomic}
   size_t SoftMaxHeapSize                          = 4238344192                             {manageable} {ergonomic}
     bool UseCompressedClassPointers               = true                           {product lp64_product} {ergonomic}
     bool UseCompressedOops                        = true                           {product lp64_product} {ergonomic}
     bool UseG1GC                                  = true                                      {product} {ergonomic}
     bool UseLargePagesIndividualAllocation        = false                                  {pd product} {ergonomic}

Logging:
Log output configuration:
 #0: stdout all=warning uptime,level,tags foldmultilines=false
 #1: stderr all=off uptime,level,tags foldmultilines=false

Environment Variables:
PATH=C:\oraclexe\app\oracle\product\11.2.0\server\bin;;C:\ProgramData\Oracle\Java\javapath;C:\Program Files\Common Files\Oracle\Java\javapath;C:\Program Files (x86)\Common Files\Oracle\Java\javapath;C:\Windows\system32;C:\Windows;C:\Windows\System32\Wbem;C:\Windows\System32\WindowsPowerShell\v1.0\;C:\Windows\System32\OpenSSH\;C:\Program Files\Git\cmd;C:\DBSQLite;C:\Program Files\Microsoft SQL Server\Client SDK\ODBC\170\Tools\Binn\;C:\Program Files (x86)\Microsoft SQL Server\150\Tools\Binn\;C:\Program Files\Microsoft SQL Server\150\Tools\Binn\;C:\Program Files\Microsoft SQL Server\150\DTS\Binn\;C:\Program Files (x86)\Microsoft SQL Server\150\DTS\Binn\;C:\Program Files\Azure Data Studio\bin;C:\Program Files\UniConvertor-2.0rc5\;C:\Program Files\GTK2-Runtime Win64\bin;C:\Program Files (x86)\Dev-Cpp\MinGW64\bin;C:\Windows\system32\config\systemprofile\.dnx\bin;C:\Program Files\Microsoft DNX\Dnvm\;C:\Program Files\dotnet\;C:\Program Files (x86)\Rational\common;C:\Program Files\Microsoft SQL Server\130\Tools\Binn\;C:\Program Files\MySQL\MySQL Shell 8.0\bin\;C:\Users\Lenovo\AppData\Local\Microsoft\WindowsApps;C:\Users\Lenovo\AppData\Local\Programs\Microsoft VS Code\bin;C:\DBSQLite\sqlite-tools-win32-x86-3390200;C:\Program Files\Azure Data Studio\bin;C:\Users\Lenovo\.dotnet\tools;C:\Users\Lenovo\.dotnet\tools
USERNAME=Lenovo
OS=Windows_NT
PROCESSOR_IDENTIFIER=Intel64 Family 6 Model 140 Stepping 1, GenuineIntel
TMP=C:\Users\Lenovo\AppData\Local\Temp
TEMP=C:\Users\Lenovo\AppData\Local\Temp



---------------  S Y S T E M  ---------------

OS:
 Windows 10 , 64 bit Build 19041 (10.0.19041.2364)
OS uptime: 0 days 4:08 hours

CPU: total 8 (initial active 8) (4 cores per cpu, 2 threads per core) family 6 model 140 stepping 1 microcode 0x8a, cx8, cmov, fxsr, ht, mmx, 3dnowpref, sse, sse2, sse3, ssse3, sse4.1, sse4.2, popcnt, lzcnt, tsc, tscinvbit, avx, avx2, aes, erms, clmul, bmi1, bmi2, adx, avx512f, avx512dq, avx512cd, avx512bw, avx512vl, sha, fma, vzeroupper, avx512_vpopcntdq, avx512_vpclmulqdq, avx512_vaes, avx512_vnni, clflush, clflushopt, clwb, avx512_vbmi2, avx512_vbmi, rdtscp, rdpid, fsrm, gfni, avx512_bitalg

Memory: 4k page, system-wide physical 16167M (4013M free)
TotalPageFile size 31873M (AvailPageFile size 48M)
current process WorkingSet (physical memory assigned to process): 10M, peak: 10M
current process commit charge ("private bytes"): 60M, peak: 314M

vm_info: Java HotSpot(TM) 64-Bit Server VM (19.0.1+10-21) for windows-amd64 JRE (19.0.1+10-21), built on 2022-09-14T12:45:06Z by "mach5one" with MS VC++ 17.1 (VS2022)

END.
